action: py27, msg: installpkg
cwd: D:\python\template_project
cmd: 'D:\python\template_project\.tox\py27\Scripts\python.EXE' -m pip install --exists-action w '.tox\.tmp\package\1\template_project-0.1.zip'
DEPRECATION: Python 2.7 will reach the end of its life on January 1st, 2020. Please upgrade your Python as Python 2.7 won't be maintained after that date. A future version of pip will drop support for Python 2.7. More details about Python 2 support in pip, can be found at https://pip.pypa.io/en/latest/development/release-process/#python-2-support
Processing d:\python\template_project\.tox\.tmp\package\1\template_project-0.1.zip
Collecting pytest
  Using cached https://files.pythonhosted.org/packages/70/c7/e8cb4a537ee4fc497ac80a606a667fd1832f28ad3ddbfa25bf30473eae13/pytest-4.6.11-py2.py3-none-any.whl
Collecting atomicwrites>=1.0
  Using cached https://files.pythonhosted.org/packages/2c/a0/da5f49008ec6e9a658dbf5d7310a4debd397bce0b4db03cf8a410066bb87/atomicwrites-1.4.0-py2.py3-none-any.whl
Collecting pathlib2>=2.2.0; python_version < "3.6"
  Using cached https://files.pythonhosted.org/packages/e9/45/9c82d3666af4ef9f221cbb954e1d77ddbb513faf552aea6df5f37f1a4859/pathlib2-2.3.5-py2.py3-none-any.whl
Collecting importlib-metadata>=0.12; python_version < "3.8"
  Using cached https://files.pythonhosted.org/packages/8e/58/cdea07eb51fc2b906db0968a94700866fc46249bdc75cac23f9d13168929/importlib_metadata-1.7.0-py2.py3-none-any.whl
Collecting attrs>=17.4.0
  Using cached https://files.pythonhosted.org/packages/a2/db/4313ab3be961f7a763066401fb77f7748373b6094076ae2bda2806988af6/attrs-19.3.0-py2.py3-none-any.whl
Collecting funcsigs>=1.0; python_version < "3.0"
  Using cached https://files.pythonhosted.org/packages/69/cb/f5be453359271714c01b9bd06126eaf2e368f1fddfff30818754b5ac2328/funcsigs-1.0.2-py2.py3-none-any.whl
Collecting more-itertools<6.0.0,>=4.0.0; python_version <= "2.7"
  Using cached https://files.pythonhosted.org/packages/2f/9d/dcfe59e213093695f108508af1214cf9cd95cc5489e46877ec5cb56369e5/more_itertools-5.0.0-py2-none-any.whl
Collecting six>=1.10.0
  Using cached https://files.pythonhosted.org/packages/ee/ff/48bde5c0f013094d729fe4b0316ba2a24774b3ff1c52d924a8a4cb04078a/six-1.15.0-py2.py3-none-any.whl
Collecting pluggy<1.0,>=0.12
  Using cached https://files.pythonhosted.org/packages/a0/28/85c7aa31b80d150b772fbe4a229487bc6644da9ccb7e427dd8cc60cb8a62/pluggy-0.13.1-py2.py3-none-any.whl
Collecting py>=1.5.0
  Using cached https://files.pythonhosted.org/packages/68/0f/41a43535b52a81e4f29e420a151032d26f08b62206840c48d14b70e53376/py-1.9.0-py2.py3-none-any.whl
Collecting colorama; sys_platform == "win32" and python_version != "3.4"
  Using cached https://files.pythonhosted.org/packages/c9/dc/45cdef1b4d119eb96316b3117e6d5708a08029992b2fee2c143c7a0a5cc5/colorama-0.4.3-py2.py3-none-any.whl
Collecting wcwidth
  Using cached https://files.pythonhosted.org/packages/59/7c/e39aca596badaf1b78e8f547c807b04dae603a433d3e7a7e04d67f2ef3e5/wcwidth-0.2.5-py2.py3-none-any.whl
Collecting packaging
  Using cached https://files.pythonhosted.org/packages/46/19/c5ab91b1b05cfe63cccd5cfc971db9214c6dd6ced54e33c30d5af1d2bc43/packaging-20.4-py2.py3-none-any.whl
Collecting scandir; python_version < "3.5"
  Using cached https://files.pythonhosted.org/packages/c6/8c/43cc3799c79c435d1a236783993b2e04a2c750b4f91ef3630ec442490df5/scandir-1.10.0-cp27-cp27m-win32.whl
Collecting contextlib2; python_version < "3"
  Using cached https://files.pythonhosted.org/packages/85/60/370352f7ef6aa96c52fb001831622f50f923c1d575427d021b8ab3311236/contextlib2-0.6.0.post1-py2.py3-none-any.whl
Collecting zipp>=0.5
  Using cached https://files.pythonhosted.org/packages/96/0a/67556e9b7782df7118c1f49bdc494da5e5e429c93aa77965f33e81287c8c/zipp-1.2.0-py2.py3-none-any.whl
Collecting configparser>=3.5; python_version < "3"
  Using cached https://files.pythonhosted.org/packages/7a/2a/95ed0501cf5d8709490b1d3a3f9b5cf340da6c433f896bbe9ce08dbe6785/configparser-4.0.2-py2.py3-none-any.whl
Collecting backports.functools-lru-cache>=1.2.1; python_version < "3.2"
  Using cached https://files.pythonhosted.org/packages/da/d1/080d2bb13773803648281a49e3918f65b31b7beebf009887a529357fd44a/backports.functools_lru_cache-1.6.1-py2.py3-none-any.whl
Collecting pyparsing>=2.0.2
  Using cached https://files.pythonhosted.org/packages/8a/bb/488841f56197b13700afd5658fc279a2025a39e22449b7cf29864669b15d/pyparsing-2.4.7-py2.py3-none-any.whl
Building wheels for collected packages: template-project
  Building wheel for template-project (setup.py): started
  Building wheel for template-project (setup.py): finished with status 'done'
  Created wheel for template-project: filename=template_project-0.1-cp27-none-any.whl size=1369 sha256=359d84bf6d6d95be254c7c567de60217f60590175f45e5b526013a267e1c707a
  Stored in directory: C:\Users\lanto\AppData\Local\pip\Cache\wheels\70\e0\f6\2ad3a51cd30ac7fb2323b47e2162062fa17d307dcc0e654c38
Successfully built template-project
Installing collected packages: atomicwrites, scandir, six, pathlib2, contextlib2, zipp, configparser, importlib-metadata, attrs, funcsigs, more-itertools, pluggy, py, colorama, backports.functools-lru-cache, wcwidth, pyparsing, packaging, pytest, template-project
  Found existing installation: template-project 0.1
    Not uninstalling template-project at d:\python\template_project, outside environment D:\python\template_project\.tox\py27
    Can't uninstall 'template-project'. No files were found to uninstall.
Successfully installed atomicwrites-1.4.0 attrs-19.3.0 backports.functools-lru-cache-1.6.1 colorama-0.4.3 configparser-4.0.2 contextlib2-0.6.0.post1 funcsigs-1.0.2 importlib-metadata-1.7.0 more-itertools-5.0.0 packaging-20.4 pathlib2-2.3.5 pluggy-0.13.1 py-1.9.0 pyparsing-2.4.7 pytest-4.6.11 scandir-1.10.0 six-1.15.0 template-project-0.1 wcwidth-0.2.5 zipp-1.2.0
WARNING: You are using pip version 19.3.1; however, version 20.1.1 is available.
You should consider upgrading via the 'python -m pip install --upgrade pip' command.
