action: py27, msg: envreport
cwd: D:\python\template_project
cmd: 'D:\python\template_project\.tox\py27\Scripts\python.EXE' -m pip freeze
DEPRECATION: Python 2.7 will reach the end of its life on January 1st, 2020. Please upgrade your Python as Python 2.7 won't be maintained after that date. A future version of pip will drop support for Python 2.7. More details about Python 2 support in pip, can be found at https://pip.pypa.io/en/latest/development/release-process/#python-2-support
atomicwrites==1.4.0
attrs==19.3.0
backports.functools-lru-cache==1.6.1
colorama==0.4.3
ComponentAssembler-abs==0.1
configparser==4.0.2
contextlib2==0.6.0.post1
funcsigs==1.0.2
importlib-metadata==1.7.0
more-itertools==5.0.0
packaging==20.4
pathlib2==2.3.5
pluggy==0.13.1
py==1.9.0
pyparsing==2.4.7
pytest==4.6.11
scandir==1.10.0
six==1.15.0
template-project==0.1
wcwidth==0.2.5
zipp==1.2.0
